--- Job ded+ess.gms Start 10/20/24 21:16:05 48.1.0 612569ae WEX-WEI x86 64bit/MS Windows
--- Applying:
    C:\GAMS\48\gmsprmNT.txt
--- GAMS Parameters defined
    Input "D:\udemy\economic dispatch\ded+ess.gms"
    PageSize 0
    ScrDir "D:\udemy\economic dispatch\225a\"
    SysDir C:\GAMS\48\
    LogOption 3
    ErrMsg 1
    ErrorLog 99
    IDE 1
    LstTitleLeftAligned 1
Licensee: GAMS Demo, for EULA and demo limitations see   G241001/0001CB-GEN
          https://www.gams.com/latest/docs/UG%5FLicense.html         DC0000
          C:\GAMS\48\gamslice.txt
          Demo license for demonstration and instructional purposes only
Processor information: 1 socket(s), 8 core(s), and 16 thread(s) available
GAMS 48.1.0   Copyright (C) 1987-2024 GAMS Development. All rights reserved
--- Starting compilation
--- ded+ess.gms(103) 3 Mb
--- Starting execution: elapsed 0:00:00.004
--- ded+ess.gms(59) 4 Mb
--- Generating QCP model DEDESScostbased
--- ded+ess.gms(85) 6 Mb
---   241 rows  169 columns  712 non-zeroes
---   578 nl-code  96 nl-non-zeroes
--- Range statistics (absolute non-zero finite values)
--- RHS       [min, max] : [ 3.000E+01, 8.208E+03] - Zero values observed as well
--- Bound     [min, max] : [ 2.000E+01, 3.000E+02] - Zero values observed as well
--- Matrix    [min, max] : [ 9.500E-01, 2.455E+01]
--- ded+ess.gms(85) 4 Mb
--- Executing CONOPT (Solvelink=2): elapsed 0:00:00.006

CONOPT 4         48.1.0 612569ae Oct 14, 2024          WEI x86 64bit/MS Window

--- *** This solver runs with a demo license. No commercial use.
 
 
    C O N O P T   version 4.35
    Copyright (C) GAMS Software GmbH
                  GAMS Development Corporation
 
 
    The user model has 241 constraints and 169 variables
    with 712 Jacobian elements, 96 of which are nonlinear.
    The Hessian of the Lagrangian has 96 elements on the diagonal,
    0 elements below the diagonal, and 96 nonlinear variables.
 
    Iter Phase   Ninf   Infeasibility   RGmax      NSB   Step  InItr MX OK
       0   0          6.7305920000E+04 (Input point)
 
    The pre-triangular part of the model has 100 constraints and 1 variables.
    The post-triangular part of the model has 1 constraints and variables.
 
    Preprocessed model has 140 constraints and 167 variables
    with 422 Jacobian elements, 0 of which are nonlinear.
 
    Iter Phase   Ninf   Infeasibility   RGmax      NSB   Step  InItr MX OK
                      1.3147000000E+04 (Full preprocessed model)
                      2.9005859375E+01 (After scaling)
                      2.7072471217E+01 (After adjusting individual variables)
       1   1      24  1.5119346217E+01 8.1E-01      23 1.0E+00    25 T  T
 
 ** Feasible solution. Value of objective =    842114.420000
 
    Iter Phase   Ninf     Objective     RGmax      NSB   Step  InItr MX OK
       6   3          7.8276612280E+05 1.8E+04      96 1.0E+00    25 T  T
      11   4          6.4748916606E+05 2.9E+03      43 1.0E+00    17 T  T
      16   4          6.4552532514E+05 1.2E-02      60 1.0E+00    15 F  T
      18   4          6.4552532514E+05 8.9E-08      60
 
 ** Optimal solution. Reduced gradient less than tolerance.
 
--- Reading solution for model DEDESScostbased
--- Executing after solve: elapsed 0:00:00.047
--- ded+ess.gms(87) 4 Mb
*** Status: Normal completion
--- Job ded+ess.gms Stop 10/20/24 21:16:05 elapsed 0:00:00.048
